C51 COMPILER V9.60.0.0   CODE                                                              04/29/2023 12:11:32 PAGE 1   


C51 COMPILER V9.60.0.0, COMPILATION OF MODULE CODE
OBJECT MODULE PLACED IN .\Objects\code.obj
COMPILER INVOKED BY: D:\Keil_v5\C51\BIN\C51.EXE code.c OPTIMIZE(8,SPEED) BROWSE DEBUG OBJECTEXTEND PRINT(.\Listings\code
                    -.lst) TABS(2) OBJECT(.\Objects\code.obj)

line level    source

   1          #include <reg52.h>
   2          typedef unsigned int uint;
   3          typedef unsigned char uchar;
   4          
   5          void delay()
   6          { 
   7   1        uint i;
   8   1        for(i = 0; i < 20000; ++i);
   9   1      }
  10          
  11          
  12          void main()
  13          {
  14   1        uchar led;
  15   1        led = 0x01;
  16   1        while(1)
  17   1        {
  18   2          P1 = led;
  19   2          led = led << 1;
  20   2          if(led == 0x00) led = 0x01;
  21   2          delay();
  22   2        }
  23   1        
  24   1      }


MODULE INFORMATION:   STATIC OVERLAYABLE
   CODE SIZE        =     32    ----
   CONSTANT SIZE    =   ----    ----
   XDATA SIZE       =   ----    ----
   PDATA SIZE       =   ----    ----
   DATA SIZE        =   ----    ----
   IDATA SIZE       =   ----    ----
   BIT SIZE         =   ----    ----
END OF MODULE INFORMATION.


C51 COMPILATION COMPLETE.  0 WARNING(S),  0 ERROR(S)
